<?xml version="1.0" encoding="UTF-8"?>
<testsuite xmlns:xsi="http://www.w3.org/2001/XMLSchema-instance" xsi:noNamespaceSchemaLocation="https://maven.apache.org/surefire/maven-surefire-plugin/xsd/surefire-test-report.xsd" name="TestSuite" time="336.6" tests="7" errors="0" skipped="0" failures="2">
  <properties>
[...]
</properties>
  <testcase name="title" classname="com.expedia.Test.HomePageTest" time="24.794"/>
  <testcase name="Tc_stayloc_01" classname="com.expedia.Test.HomePageTest" time="33.692"/>
  <testcase name="Tc_stayloc_01" classname="com.expedia.Test.HomePageTest" time="36.434">
    <failure message="expected [San Francisco, CA, United States of America (SFO-San Francisco Intl) Hotel Search Results] but found [San Francisco, CA, United States of America (SFO-San Francisco Intl.) Hotel Search Results]" type="java.lang.AssertionError">java.lang.AssertionError: expected [San Francisco, CA, United States of America (SFO-San Francisco Intl) Hotel Search Results] but found [San Francisco, CA, United States of America (SFO-San Francisco Intl.) Hotel Search Results]
	at com.expedia.Test.HomePageTest.Tc_stayloc_01(HomePageTest.java:43)
</failure>
    <system-out><![CDATA[[INFO ] 2020-09-11 14:15:25.381 [main] ExcelHelper - Test Case  PASSED Tc_stayloc_01
[INFO ] 2020-09-11 14:15:34.398 [main] ExcelHelper - Test Case to search stay based on location and check in date
[INFO ] 2020-09-11 14:15:34.398 [main] ExcelHelper -  TestCase using DataProvider to search accommodation 
[INFO ] 2020-09-11 14:16:10.807 [main] ExcelHelper - Test Case for  --------San Francisco, CA, United States of America (SFO-San Francisco Intl) Hotel Search Results
]]></system-out>
    <system-err><![CDATA[Starting ChromeDriver 84.0.4147.30 (48b3e868b4cc0aa7e8149519690b6f6949e110a8-refs/branch-heads/4147@{#310}) on port 35515
Only local connections are allowed.
Please see https://chromedriver.chromium.org/security-considerations for suggestions on keeping ChromeDriver safe.
ChromeDriver was started successfully.
[1599858929.225][WARNING]: This version of ChromeDriver has not been tested with Chrome version 85.
Sep 11, 2020 2:15:31 PM org.openqa.selenium.remote.ProtocolHandshake createSession
INFO: Detected dialect: W3C
]]></system-err>
  </testcase>
  <testcase name="Tc_stayloc_01" classname="com.expedia.Test.HomePageTest" time="34.852"/>
  <testcase name="Tc_hotelfilter_01" classname="com.expedia.Test.HotelSearchTest" time="43.24"/>
  <testcase name="Tc_hotelfilter_01" classname="com.expedia.Test.HotelSearchTest" time="48.594"/>
  <testcase name="Tc_selecthotel_02" classname="com.expedia.Test.HotelSearchTest" time="38.726">
    <failure message="element not interactable&#10;  (Session info: chrome=85.0.4183.102)&#10;Build info: version: &apos;3.141.59&apos;, revision: &apos;e82be7d358&apos;, time: &apos;2018-11-14T08:17:03&apos;&#10;System info: host: &apos;SHASHANK-PC&apos;, ip: &apos;10.0.0.217&apos;, os.name: &apos;Windows 10&apos;, os.arch: &apos;amd64&apos;, os.version: &apos;10.0&apos;, java.version: &apos;11.0.2&apos;&#10;Driver info: org.openqa.selenium.chrome.ChromeDriver&#10;Capabilities {acceptInsecureCerts: false, browserName: chrome, browserVersion: 85.0.4183.102, chrome: {chromedriverVersion: 84.0.4147.30 (48b3e868b4cc0..., userDataDir: C:\Users\Vinuta\AppData\Loc...}, goog:chromeOptions: {debuggerAddress: localhost:52403}, javascriptEnabled: true, networkConnectionEnabled: false, pageLoadStrategy: normal, platform: WINDOWS, platformName: WINDOWS, proxy: Proxy(), setWindowRect: true, strictFileInteractability: false, timeouts: {implicit: 0, pageLoad: 300000, script: 30000}, unhandledPromptBehavior: dismiss and notify, webauthn:virtualAuthenticators: true}&#10;Session ID: c6ebf408ebd0c8c20a8d2dceb53aa074" type="org.openqa.selenium.ElementNotInteractableException">org.openqa.selenium.ElementNotInteractableException: 
element not interactable
  (Session info: chrome=85.0.4183.102)
Build info: version: '3.141.59', revision: 'e82be7d358', time: '2018-11-14T08:17:03'
System info: host: 'SHASHANK-PC', ip: '10.0.0.217', os.name: 'Windows 10', os.arch: 'amd64', os.version: '10.0', java.version: '11.0.2'
Driver info: org.openqa.selenium.chrome.ChromeDriver
Capabilities {acceptInsecureCerts: false, browserName: chrome, browserVersion: 85.0.4183.102, chrome: {chromedriverVersion: 84.0.4147.30 (48b3e868b4cc0..., userDataDir: C:\Users\Vinuta\AppData\Loc...}, goog:chromeOptions: {debuggerAddress: localhost:52403}, javascriptEnabled: true, networkConnectionEnabled: false, pageLoadStrategy: normal, platform: WINDOWS, platformName: WINDOWS, proxy: Proxy(), setWindowRect: true, strictFileInteractability: false, timeouts: {implicit: 0, pageLoad: 300000, script: 30000}, unhandledPromptBehavior: dismiss and notify, webauthn:virtualAuthenticators: true}
Session ID: c6ebf408ebd0c8c20a8d2dceb53aa074
	at com.expedia.Test.HotelSearchTest.Tc_selecthotel_02(HotelSearchTest.java:45)
</failure>
    <system-out><![CDATA[[INFO ] 2020-09-11 14:18:43.698 [main] ExcelHelper - Test Case  PASSED Tc_hotelfilter_01
[INFO ] 2020-09-11 14:18:45.717 [main] ExcelHelper - total rows:1
[INFO ] 2020-09-11 14:18:52.765 [main] ExcelHelper - Scenario based Test case to perform booking - stay in Loc
]]></system-out>
    <system-err><![CDATA[Starting ChromeDriver 84.0.4147.30 (48b3e868b4cc0aa7e8149519690b6f6949e110a8-refs/branch-heads/4147@{#310}) on port 24279
Only local connections are allowed.
Please see https://chromedriver.chromium.org/security-considerations for suggestions on keeping ChromeDriver safe.
ChromeDriver was started successfully.
[1599859127.479][WARNING]: This version of ChromeDriver has not been tested with Chrome version 85.
Sep 11, 2020 2:18:50 PM org.openqa.selenium.remote.ProtocolHandshake createSession
INFO: Detected dialect: W3C
]]></system-err>
  </testcase>
</testsuite>